<?xml version="1.0" encoding="UTF-8"?>
<testsuite xmlns:xsi="http://www.w3.org/2001/XMLSchema-instance" xsi:noNamespaceSchemaLocation="https://maven.apache.org/surefire/maven-surefire-plugin/xsd/surefire-test-report-3.0.xsd" version="3.0" name="integration.servicelayer.customer.SvcCreateCustomerTest" time="0" tests="1" errors="1" skipped="0" failures="0">
  <properties>
    <property name="java.specification.version" value="13"/>
    <property name="sun.cpu.isalist" value="amd64"/>
    <property name="sun.jnu.encoding" value="Cp1252"/>
    <property name="java.class.path" value="C:\Users\sebas\Documents\Soft\test\softTestAssignments\assignment3\test2020fall-BookingSystem-master\target\test-classes;C:\Users\sebas\Documents\Soft\test\softTestAssignments\assignment3\test2020fall-BookingSystem-master\target\classes;C:\Users\sebas\.m2\repository\org\junit\jupiter\junit-jupiter\5.7.0\junit-jupiter-5.7.0.jar;C:\Users\sebas\.m2\repository\org\junit\jupiter\junit-jupiter-api\5.7.0\junit-jupiter-api-5.7.0.jar;C:\Users\sebas\.m2\repository\org\apiguardian\apiguardian-api\1.1.0\apiguardian-api-1.1.0.jar;C:\Users\sebas\.m2\repository\org\opentest4j\opentest4j\1.2.0\opentest4j-1.2.0.jar;C:\Users\sebas\.m2\repository\org\junit\platform\junit-platform-commons\1.7.0\junit-platform-commons-1.7.0.jar;C:\Users\sebas\.m2\repository\org\junit\jupiter\junit-jupiter-params\5.7.0\junit-jupiter-params-5.7.0.jar;C:\Users\sebas\.m2\repository\org\junit\jupiter\junit-jupiter-engine\5.7.0\junit-jupiter-engine-5.7.0.jar;C:\Users\sebas\.m2\repository\org\junit\platform\junit-platform-engine\1.7.0\junit-platform-engine-1.7.0.jar;C:\Users\sebas\.m2\repository\org\slf4j\slf4j-simple\1.7.30\slf4j-simple-1.7.30.jar;C:\Users\sebas\.m2\repository\org\slf4j\slf4j-api\1.7.30\slf4j-api-1.7.30.jar;C:\Users\sebas\.m2\repository\org\testcontainers\testcontainers\1.15.0-rc2\testcontainers-1.15.0-rc2.jar;C:\Users\sebas\.m2\repository\junit\junit\4.12\junit-4.12.jar;C:\Users\sebas\.m2\repository\org\hamcrest\hamcrest-core\1.3\hamcrest-core-1.3.jar;C:\Users\sebas\.m2\repository\org\apache\commons\commons-compress\1.20\commons-compress-1.20.jar;C:\Users\sebas\.m2\repository\org\rnorth\duct-tape\duct-tape\1.0.8\duct-tape-1.0.8.jar;C:\Users\sebas\.m2\repository\org\rnorth\visible-assertions\visible-assertions\2.1.2\visible-assertions-2.1.2.jar;C:\Users\sebas\.m2\repository\net\java\dev\jna\jna\5.2.0\jna-5.2.0.jar;C:\Users\sebas\.m2\repository\com\github\docker-java\docker-java-api\3.2.5\docker-java-api-3.2.5.jar;C:\Users\sebas\.m2\repository\com\fasterxml\jackson\core\jackson-annotations\2.10.3\jackson-annotations-2.10.3.jar;C:\Users\sebas\.m2\repository\com\github\docker-java\docker-java-transport-zerodep\3.2.5\docker-java-transport-zerodep-3.2.5.jar;C:\Users\sebas\.m2\repository\com\github\docker-java\docker-java-transport\3.2.5\docker-java-transport-3.2.5.jar;C:\Users\sebas\.m2\repository\org\testcontainers\mysql\1.15.0-rc2\mysql-1.15.0-rc2.jar;C:\Users\sebas\.m2\repository\org\testcontainers\jdbc\1.15.0-rc2\jdbc-1.15.0-rc2.jar;C:\Users\sebas\.m2\repository\org\testcontainers\database-commons\1.15.0-rc2\database-commons-1.15.0-rc2.jar;C:\Users\sebas\.m2\repository\org\testcontainers\junit-jupiter\1.15.0-rc2\junit-jupiter-1.15.0-rc2.jar;C:\Users\sebas\.m2\repository\com\github\javafaker\javafaker\1.0.2\javafaker-1.0.2.jar;C:\Users\sebas\.m2\repository\org\apache\commons\commons-lang3\3.5\commons-lang3-3.5.jar;C:\Users\sebas\.m2\repository\org\yaml\snakeyaml\1.23\snakeyaml-1.23-android.jar;C:\Users\sebas\.m2\repository\com\github\mifmif\generex\1.0.2\generex-1.0.2.jar;C:\Users\sebas\.m2\repository\dk\brics\automaton\automaton\1.11-8\automaton-1.11-8.jar;C:\Users\sebas\.m2\repository\org\flywaydb\flyway-core\7.0.0\flyway-core-7.0.0.jar;C:\Users\sebas\.m2\repository\software\amazon\awssdk\s3\2.10.56\s3-2.10.56.jar;C:\Users\sebas\.m2\repository\software\amazon\awssdk\aws-xml-protocol\2.10.56\aws-xml-protocol-2.10.56.jar;C:\Users\sebas\.m2\repository\software\amazon\awssdk\aws-query-protocol\2.10.56\aws-query-protocol-2.10.56.jar;C:\Users\sebas\.m2\repository\software\amazon\awssdk\protocol-core\2.10.56\protocol-core-2.10.56.jar;C:\Users\sebas\.m2\repository\software\amazon\awssdk\arns\2.10.56\arns-2.10.56.jar;C:\Users\sebas\.m2\repository\software\amazon\awssdk\profiles\2.10.56\profiles-2.10.56.jar;C:\Users\sebas\.m2\repository\software\amazon\awssdk\sdk-core\2.10.56\sdk-core-2.10.56.jar;C:\Users\sebas\.m2\repository\com\fasterxml\jackson\core\jackson-core\2.10.0\jackson-core-2.10.0.jar;C:\Users\sebas\.m2\repository\com\fasterxml\jackson\core\jackson-databind\2.10.0\jackson-databind-2.10.0.jar;C:\Users\sebas\.m2\repository\org\reactivestreams\reactive-streams\1.0.2\reactive-streams-1.0.2.jar;C:\Users\sebas\.m2\repository\software\amazon\awssdk\auth\2.10.56\auth-2.10.56.jar;C:\Users\sebas\.m2\repository\software\amazon\eventstream\eventstream\1.0.1\eventstream-1.0.1.jar;C:\Users\sebas\.m2\repository\software\amazon\awssdk\http-client-spi\2.10.56\http-client-spi-2.10.56.jar;C:\Users\sebas\.m2\repository\software\amazon\awssdk\regions\2.10.56\regions-2.10.56.jar;C:\Users\sebas\.m2\repository\software\amazon\awssdk\annotations\2.10.56\annotations-2.10.56.jar;C:\Users\sebas\.m2\repository\software\amazon\awssdk\utils\2.10.56\utils-2.10.56.jar;C:\Users\sebas\.m2\repository\software\amazon\awssdk\aws-core\2.10.56\aws-core-2.10.56.jar;C:\Users\sebas\.m2\repository\software\amazon\awssdk\apache-client\2.10.56\apache-client-2.10.56.jar;C:\Users\sebas\.m2\repository\org\apache\httpcomponents\httpclient\4.5.9\httpclient-4.5.9.jar;C:\Users\sebas\.m2\repository\commons-logging\commons-logging\1.2\commons-logging-1.2.jar;C:\Users\sebas\.m2\repository\commons-codec\commons-codec\1.11\commons-codec-1.11.jar;C:\Users\sebas\.m2\repository\org\apache\httpcomponents\httpcore\4.4.11\httpcore-4.4.11.jar;C:\Users\sebas\.m2\repository\software\amazon\awssdk\netty-nio-client\2.10.56\netty-nio-client-2.10.56.jar;C:\Users\sebas\.m2\repository\io\netty\netty-codec-http\4.1.42.Final\netty-codec-http-4.1.42.Final.jar;C:\Users\sebas\.m2\repository\io\netty\netty-codec-http2\4.1.42.Final\netty-codec-http2-4.1.42.Final.jar;C:\Users\sebas\.m2\repository\io\netty\netty-codec\4.1.42.Final\netty-codec-4.1.42.Final.jar;C:\Users\sebas\.m2\repository\io\netty\netty-transport\4.1.42.Final\netty-transport-4.1.42.Final.jar;C:\Users\sebas\.m2\repository\io\netty\netty-resolver\4.1.42.Final\netty-resolver-4.1.42.Final.jar;C:\Users\sebas\.m2\repository\io\netty\netty-common\4.1.42.Final\netty-common-4.1.42.Final.jar;C:\Users\sebas\.m2\repository\io\netty\netty-buffer\4.1.42.Final\netty-buffer-4.1.42.Final.jar;C:\Users\sebas\.m2\repository\io\netty\netty-handler\4.1.42.Final\netty-handler-4.1.42.Final.jar;C:\Users\sebas\.m2\repository\io\netty\netty-transport-native-epoll\4.1.42.Final\netty-transport-native-epoll-4.1.42.Final-linux-x86_64.jar;C:\Users\sebas\.m2\repository\io\netty\netty-transport-native-unix-common\4.1.42.Final\netty-transport-native-unix-common-4.1.42.Final.jar;C:\Users\sebas\.m2\repository\com\typesafe\netty\netty-reactive-streams-http\2.0.4\netty-reactive-streams-http-2.0.4.jar;C:\Users\sebas\.m2\repository\com\typesafe\netty\netty-reactive-streams\2.0.4\netty-reactive-streams-2.0.4.jar;C:\Users\sebas\.m2\repository\mysql\mysql-connector-java\8.0.21\mysql-connector-java-8.0.21.jar;C:\Users\sebas\.m2\repository\com\google\protobuf\protobuf-java\3.11.4\protobuf-java-3.11.4.jar;C:\Users\sebas\.m2\repository\org\mockito\mockito-junit-jupiter\3.5.13\mockito-junit-jupiter-3.5.13.jar;C:\Users\sebas\.m2\repository\org\mockito\mockito-core\3.5.13\mockito-core-3.5.13.jar;C:\Users\sebas\.m2\repository\net\bytebuddy\byte-buddy\1.10.15\byte-buddy-1.10.15.jar;C:\Users\sebas\.m2\repository\net\bytebuddy\byte-buddy-agent\1.10.15\byte-buddy-agent-1.10.15.jar;C:\Users\sebas\.m2\repository\org\objenesis\objenesis\3.1\objenesis-3.1.jar;"/>
    <property name="java.vm.vendor" value="Oracle Corporation"/>
    <property name="sun.arch.data.model" value="64"/>
    <property name="user.variant" value=""/>
    <property name="java.vendor.url" value="https://java.oracle.com/"/>
    <property name="user.timezone" value="Europe/Copenhagen"/>
    <property name="os.name" value="Windows 10"/>
    <property name="java.vm.specification.version" value="13"/>
    <property name="sun.java.launcher" value="SUN_STANDARD"/>
    <property name="user.country" value="DK"/>
    <property name="sun.boot.library.path" value="C:\Program Files\Java\jdk-13.0.2\bin"/>
    <property name="sun.java.command" value="C:\Users\sebas\AppData\Local\Temp\surefire7355632520903574498\surefirebooter10065279780709528559.jar C:\Users\sebas\AppData\Local\Temp\surefire7355632520903574498 2022-10-22T17-33-59_864-jvmRun1 surefire16625353999025699720tmp surefire_05773069418671242182tmp"/>
    <property name="jdk.debug" value="release"/>
    <property name="surefire.test.class.path" value="C:\Users\sebas\Documents\Soft\test\softTestAssignments\assignment3\test2020fall-BookingSystem-master\target\test-classes;C:\Users\sebas\Documents\Soft\test\softTestAssignments\assignment3\test2020fall-BookingSystem-master\target\classes;C:\Users\sebas\.m2\repository\org\junit\jupiter\junit-jupiter\5.7.0\junit-jupiter-5.7.0.jar;C:\Users\sebas\.m2\repository\org\junit\jupiter\junit-jupiter-api\5.7.0\junit-jupiter-api-5.7.0.jar;C:\Users\sebas\.m2\repository\org\apiguardian\apiguardian-api\1.1.0\apiguardian-api-1.1.0.jar;C:\Users\sebas\.m2\repository\org\opentest4j\opentest4j\1.2.0\opentest4j-1.2.0.jar;C:\Users\sebas\.m2\repository\org\junit\platform\junit-platform-commons\1.7.0\junit-platform-commons-1.7.0.jar;C:\Users\sebas\.m2\repository\org\junit\jupiter\junit-jupiter-params\5.7.0\junit-jupiter-params-5.7.0.jar;C:\Users\sebas\.m2\repository\org\junit\jupiter\junit-jupiter-engine\5.7.0\junit-jupiter-engine-5.7.0.jar;C:\Users\sebas\.m2\repository\org\junit\platform\junit-platform-engine\1.7.0\junit-platform-engine-1.7.0.jar;C:\Users\sebas\.m2\repository\org\slf4j\slf4j-simple\1.7.30\slf4j-simple-1.7.30.jar;C:\Users\sebas\.m2\repository\org\slf4j\slf4j-api\1.7.30\slf4j-api-1.7.30.jar;C:\Users\sebas\.m2\repository\org\testcontainers\testcontainers\1.15.0-rc2\testcontainers-1.15.0-rc2.jar;C:\Users\sebas\.m2\repository\junit\junit\4.12\junit-4.12.jar;C:\Users\sebas\.m2\repository\org\hamcrest\hamcrest-core\1.3\hamcrest-core-1.3.jar;C:\Users\sebas\.m2\repository\org\apache\commons\commons-compress\1.20\commons-compress-1.20.jar;C:\Users\sebas\.m2\repository\org\rnorth\duct-tape\duct-tape\1.0.8\duct-tape-1.0.8.jar;C:\Users\sebas\.m2\repository\org\rnorth\visible-assertions\visible-assertions\2.1.2\visible-assertions-2.1.2.jar;C:\Users\sebas\.m2\repository\net\java\dev\jna\jna\5.2.0\jna-5.2.0.jar;C:\Users\sebas\.m2\repository\com\github\docker-java\docker-java-api\3.2.5\docker-java-api-3.2.5.jar;C:\Users\sebas\.m2\repository\com\fasterxml\jackson\core\jackson-annotations\2.10.3\jackson-annotations-2.10.3.jar;C:\Users\sebas\.m2\repository\com\github\docker-java\docker-java-transport-zerodep\3.2.5\docker-java-transport-zerodep-3.2.5.jar;C:\Users\sebas\.m2\repository\com\github\docker-java\docker-java-transport\3.2.5\docker-java-transport-3.2.5.jar;C:\Users\sebas\.m2\repository\org\testcontainers\mysql\1.15.0-rc2\mysql-1.15.0-rc2.jar;C:\Users\sebas\.m2\repository\org\testcontainers\jdbc\1.15.0-rc2\jdbc-1.15.0-rc2.jar;C:\Users\sebas\.m2\repository\org\testcontainers\database-commons\1.15.0-rc2\database-commons-1.15.0-rc2.jar;C:\Users\sebas\.m2\repository\org\testcontainers\junit-jupiter\1.15.0-rc2\junit-jupiter-1.15.0-rc2.jar;C:\Users\sebas\.m2\repository\com\github\javafaker\javafaker\1.0.2\javafaker-1.0.2.jar;C:\Users\sebas\.m2\repository\org\apache\commons\commons-lang3\3.5\commons-lang3-3.5.jar;C:\Users\sebas\.m2\repository\org\yaml\snakeyaml\1.23\snakeyaml-1.23-android.jar;C:\Users\sebas\.m2\repository\com\github\mifmif\generex\1.0.2\generex-1.0.2.jar;C:\Users\sebas\.m2\repository\dk\brics\automaton\automaton\1.11-8\automaton-1.11-8.jar;C:\Users\sebas\.m2\repository\org\flywaydb\flyway-core\7.0.0\flyway-core-7.0.0.jar;C:\Users\sebas\.m2\repository\software\amazon\awssdk\s3\2.10.56\s3-2.10.56.jar;C:\Users\sebas\.m2\repository\software\amazon\awssdk\aws-xml-protocol\2.10.56\aws-xml-protocol-2.10.56.jar;C:\Users\sebas\.m2\repository\software\amazon\awssdk\aws-query-protocol\2.10.56\aws-query-protocol-2.10.56.jar;C:\Users\sebas\.m2\repository\software\amazon\awssdk\protocol-core\2.10.56\protocol-core-2.10.56.jar;C:\Users\sebas\.m2\repository\software\amazon\awssdk\arns\2.10.56\arns-2.10.56.jar;C:\Users\sebas\.m2\repository\software\amazon\awssdk\profiles\2.10.56\profiles-2.10.56.jar;C:\Users\sebas\.m2\repository\software\amazon\awssdk\sdk-core\2.10.56\sdk-core-2.10.56.jar;C:\Users\sebas\.m2\repository\com\fasterxml\jackson\core\jackson-core\2.10.0\jackson-core-2.10.0.jar;C:\Users\sebas\.m2\repository\com\fasterxml\jackson\core\jackson-databind\2.10.0\jackson-databind-2.10.0.jar;C:\Users\sebas\.m2\repository\org\reactivestreams\reactive-streams\1.0.2\reactive-streams-1.0.2.jar;C:\Users\sebas\.m2\repository\software\amazon\awssdk\auth\2.10.56\auth-2.10.56.jar;C:\Users\sebas\.m2\repository\software\amazon\eventstream\eventstream\1.0.1\eventstream-1.0.1.jar;C:\Users\sebas\.m2\repository\software\amazon\awssdk\http-client-spi\2.10.56\http-client-spi-2.10.56.jar;C:\Users\sebas\.m2\repository\software\amazon\awssdk\regions\2.10.56\regions-2.10.56.jar;C:\Users\sebas\.m2\repository\software\amazon\awssdk\annotations\2.10.56\annotations-2.10.56.jar;C:\Users\sebas\.m2\repository\software\amazon\awssdk\utils\2.10.56\utils-2.10.56.jar;C:\Users\sebas\.m2\repository\software\amazon\awssdk\aws-core\2.10.56\aws-core-2.10.56.jar;C:\Users\sebas\.m2\repository\software\amazon\awssdk\apache-client\2.10.56\apache-client-2.10.56.jar;C:\Users\sebas\.m2\repository\org\apache\httpcomponents\httpclient\4.5.9\httpclient-4.5.9.jar;C:\Users\sebas\.m2\repository\commons-logging\commons-logging\1.2\commons-logging-1.2.jar;C:\Users\sebas\.m2\repository\commons-codec\commons-codec\1.11\commons-codec-1.11.jar;C:\Users\sebas\.m2\repository\org\apache\httpcomponents\httpcore\4.4.11\httpcore-4.4.11.jar;C:\Users\sebas\.m2\repository\software\amazon\awssdk\netty-nio-client\2.10.56\netty-nio-client-2.10.56.jar;C:\Users\sebas\.m2\repository\io\netty\netty-codec-http\4.1.42.Final\netty-codec-http-4.1.42.Final.jar;C:\Users\sebas\.m2\repository\io\netty\netty-codec-http2\4.1.42.Final\netty-codec-http2-4.1.42.Final.jar;C:\Users\sebas\.m2\repository\io\netty\netty-codec\4.1.42.Final\netty-codec-4.1.42.Final.jar;C:\Users\sebas\.m2\repository\io\netty\netty-transport\4.1.42.Final\netty-transport-4.1.42.Final.jar;C:\Users\sebas\.m2\repository\io\netty\netty-resolver\4.1.42.Final\netty-resolver-4.1.42.Final.jar;C:\Users\sebas\.m2\repository\io\netty\netty-common\4.1.42.Final\netty-common-4.1.42.Final.jar;C:\Users\sebas\.m2\repository\io\netty\netty-buffer\4.1.42.Final\netty-buffer-4.1.42.Final.jar;C:\Users\sebas\.m2\repository\io\netty\netty-handler\4.1.42.Final\netty-handler-4.1.42.Final.jar;C:\Users\sebas\.m2\repository\io\netty\netty-transport-native-epoll\4.1.42.Final\netty-transport-native-epoll-4.1.42.Final-linux-x86_64.jar;C:\Users\sebas\.m2\repository\io\netty\netty-transport-native-unix-common\4.1.42.Final\netty-transport-native-unix-common-4.1.42.Final.jar;C:\Users\sebas\.m2\repository\com\typesafe\netty\netty-reactive-streams-http\2.0.4\netty-reactive-streams-http-2.0.4.jar;C:\Users\sebas\.m2\repository\com\typesafe\netty\netty-reactive-streams\2.0.4\netty-reactive-streams-2.0.4.jar;C:\Users\sebas\.m2\repository\mysql\mysql-connector-java\8.0.21\mysql-connector-java-8.0.21.jar;C:\Users\sebas\.m2\repository\com\google\protobuf\protobuf-java\3.11.4\protobuf-java-3.11.4.jar;C:\Users\sebas\.m2\repository\org\mockito\mockito-junit-jupiter\3.5.13\mockito-junit-jupiter-3.5.13.jar;C:\Users\sebas\.m2\repository\org\mockito\mockito-core\3.5.13\mockito-core-3.5.13.jar;C:\Users\sebas\.m2\repository\net\bytebuddy\byte-buddy\1.10.15\byte-buddy-1.10.15.jar;C:\Users\sebas\.m2\repository\net\bytebuddy\byte-buddy-agent\1.10.15\byte-buddy-agent-1.10.15.jar;C:\Users\sebas\.m2\repository\org\objenesis\objenesis\3.1\objenesis-3.1.jar;"/>
    <property name="sun.cpu.endian" value="little"/>
    <property name="user.home" value="C:\Users\sebas"/>
    <property name="user.language" value="da"/>
    <property name="java.specification.vendor" value="Oracle Corporation"/>
    <property name="java.version.date" value="2020-01-14"/>
    <property name="java.home" value="C:\Program Files\Java\jdk-13.0.2"/>
    <property name="org.testcontainers.shaded.io.netty.packagePrefix" value="org.testcontainers.shaded."/>
    <property name="file.separator" value="\"/>
    <property name="basedir" value="C:\Users\sebas\Documents\Soft\test\softTestAssignments\assignment3\test2020fall-BookingSystem-master"/>
    <property name="java.vm.compressedOopsMode" value="32-bit"/>
    <property name="line.separator" value="&#10;"/>
    <property name="java.vm.specification.vendor" value="Oracle Corporation"/>
    <property name="java.specification.name" value="Java Platform API Specification"/>
    <property name="surefire.real.class.path" value="C:\Users\sebas\AppData\Local\Temp\surefire7355632520903574498\surefirebooter10065279780709528559.jar"/>
    <property name="user.script" value=""/>
    <property name="sun.management.compiler" value="HotSpot 64-Bit Tiered Compilers"/>
    <property name="java.runtime.version" value="13.0.2+8"/>
    <property name="user.name" value="sebas"/>
    <property name="path.separator" value=";"/>
    <property name="os.version" value="10.0"/>
    <property name="java.runtime.name" value="Java(TM) SE Runtime Environment"/>
    <property name="file.encoding" value="Cp1252"/>
    <property name="java.vm.name" value="Java HotSpot(TM) 64-Bit Server VM"/>
    <property name="localRepository" value="C:\Users\sebas\.m2\repository"/>
    <property name="java.vendor.url.bug" value="https://bugreport.java.com/bugreport/"/>
    <property name="java.io.tmpdir" value="C:\Users\sebas\AppData\Local\Temp\"/>
    <property name="java.version" value="13.0.2"/>
    <property name="user.dir" value="C:\Users\sebas\Documents\Soft\test\softTestAssignments\assignment3\test2020fall-BookingSystem-master"/>
    <property name="os.arch" value="amd64"/>
    <property name="java.vm.specification.name" value="Java Virtual Machine Specification"/>
    <property name="sun.os.patch.level" value=""/>
    <property name="java.library.path" value="C:\Program Files\Java\jdk-13.0.2\bin;C:\WINDOWS\Sun\Java\bin;C:\WINDOWS\system32;C:\WINDOWS;C:\Users\sebas\bin;C:\Program Files\Git\mingw64\bin;C:\Program Files\Git\usr\local\bin;C:\Program Files\Git\usr\bin;C:\Program Files\Git\usr\bin;C:\Program Files\Git\mingw64\bin;C:\Program Files\Git\usr\bin;C:\Users\sebas\bin;C:\Program Files\Common Files\Oracle\Java\javapath;C:\Program Files (x86)\VMware\VMware Player\bin;C:\Program Files (x86)\Common Files\Oracle\Java\javapath;C:\WINDOWS\system32;C:\WINDOWS;C:\WINDOWS\System32\Wbem;C:\WINDOWS\System32\WindowsPowerShell\v1.0;C:\WINDOWS\System32\OpenSSH;C:\Program Files\Java\jdk1.8.0_261\bin;C:\Program Files\apache-maven-3.6.3\bin;C:\Program Files\nodejs;C:\Program Files\Git\cmd;C:\Program Files\WireGuard;C:\Program Files\dotnet;C:\Program Files\Docker\Docker\resources\bin;C:\ProgramData\DockerDesktop\version-bin;C:\HashiCorp\Vagrant\bin;C:\Program Files\Kubernetes\Minikube;C:\Users\sebas\AppData\Local\Programs\Python\Python310\Scripts;C:\Users\sebas\AppData\Local\Programs\Python\Python310;C:\Program Files (x86)\Elm\0.19.1\bin;C:\Users\sebas\AppData\Local\Microsoft\WindowsApps;C:\Users\sebas\AppData\Local\Programs\Microsoft VS Code\bin;C:\Users\sebas\AppData\Roaming\npm;C:\Program Files\MongoDB\Server\5.0\bin;C:\Users\sebas\.dotnet\tools;C:\Program Files\Git\usr\bin\vendor_perl;C:\Program Files\Git\usr\bin\core_perl;."/>
    <property name="java.vm.info" value="mixed mode, sharing"/>
    <property name="java.vendor" value="Oracle Corporation"/>
    <property name="java.vm.version" value="13.0.2+8"/>
    <property name="sun.io.unicode.encoding" value="UnicodeLittle"/>
    <property name="java.class.version" value="57.0"/>
  </properties>
  <testcase name="" classname="integration.servicelayer.customer.SvcCreateCustomerTest" time="0">
    <error type="java.lang.NoClassDefFoundError"><![CDATA[java.lang.NoClassDefFoundError: Could not initialize class integration.ContainerizedDbIntegrationTest
]]></error>
  </testcase>
</testsuite>